<?xml version="1.0" encoding="utf-8"?>
<!DOCTYPE hibernate-configuration PUBLIC
        "-//Hibernate/Hibernate Configuration DTD 3.0//EN"
        "http://hibernate.sourceforge.net/hibernate-configuration-3.0.dtd">

<hibernate-configuration>
    <session-factory>
        <mapping resource="SurgicalAppointment.hbm.xml"/>
        <mapping resource="SurgicalBlock.hbm.xml"/>
        <mapping resource="SurgicalAppointmentAttributeType.hbm.xml"/>
        <mapping resource="SurgicalAppointmentAttribute.hbm.xml"/>
    </session-factory>
</hibernate-configuration>
